1512962293751	Marionette	INFO	Listening on port 55007
[Child 3828] WARNING: pipe error: 109: file c:/builds/moz2_slave/m-rel-w64-00000000000000000000/build/src/ipc/chromium/src/chrome/common/ipc_channel_win.cc, line 333
[Child 3828] WARNING: pipe error: 109: file c:/builds/moz2_slave/m-rel-w64-00000000000000000000/build/src/ipc/chromium/src/chrome/common/ipc_channel_win.cc, line 333
omium/src/chrome/common/ipc_channel_win.cc, line 333
/chromium/src/chrome/common/ipc_channel_win.cc, line 333
1512962358807	Marionette	INFO	Listening on port 55177
[Child 9220] WARNING: pipe error: 109: file c:/builds/moz2_slave/m-rel-w64-00000000000000000000/build/src/ipc/1512962379352	Marionette	INFO	Listening on port 55253

[Child 9220] WARNING: pipe error: 109: file c:/builds/moz2_slave/m-rel-w64-00000000000000000000/build/src/ipc/chromium/src/chrome/common/ipc_channel_win.cc, line 333
2_slave/m-rel-w64-00000000000000000000/build/src/ipc/chromium/src/chrome/common/ipc_channel_win.cc, line 333
1512962386608	Marionette	INFO	Listening on port 55273
1512972098066	Marionette	INFO	Listening on port 58305
[Child 9200] WARNING: pipe error: 109: file c:/builds/moz2_slave/m-rel-w64-00000000000000000000/build/src/ipc/chromium/src/chrome/common/ipc_channel_win.cc, line 333
[Child 9200] WARNING: pipe error: 109: file c:/builds/moz2_slave/m-rel-w64-00000000000000000000/build/src/ipc/chromium/src/chrome/common/ipc_channel_win.cc, line 333
1512972270510	Marionette	INFO	Listening on port 43462
[Child 7440] WARNING: pipe error: 109: file c:/builds/moz2_slave/m-rel-w64-00000000000000000000/build/src/ipc/chromium/src/chrome/common/ipc_channel_win.cc, line 333
[Child 7440] WARNING: pipe error: 109: file c:/builds/moz2_slave/m-rel-w64-00000000000000000000/build/src/ipc/chromium/src/chrome/common/ipc_channel_win.cc, line 333
1513752768378	Marionette	INFO	Listening on port 1748
1513752847823	addons.productaddons	WARN	Failed downloading via XHR, status: 0, reason: error

###!!! [Child][MessageChannel] Error: (msgtype=0x480108,name=PContent::Msg_AsyncMessage) Channel closing: too late to send/recv, messages will be lost

[Child 6016] WARNING: pipe error: 109: file c:/builds/moz2_slave/m-rel-w64-00000000000000000000/build/src/ipc/chromium/src/chrome/common/ipc_channel_win.cc, line 333
JavaScript error: chrome://global/content/process-content.js, line 30: NS_ERROR_UNEXPECTED: Component returned failure code: 0x8000ffff (NS_ERROR_UNEXPECTED) [nsIMessageSender.sendAsyncMessage]

###!!! [Child][MessageChannel] Error: (msgtype=0x480108,name=PContent::Msg_AsyncMessage) Channel closing: too late to send/recv, messages will be lost

JavaScript error: chrome://global/content/process-content.js, line 30: NS_ERROR_UNEXPECTED: Component returned failure code: 0x8000ffff (NS_ERROR_UNEXPECTED) [nsIMessageSender.sendAsyncMessage]

###!!! [Child][MessageChannel] Error: (msgtype=0x480108,name=PContent::Msg_AsyncMessage) Channel closing: too late to send/recv, messages will be lost

JavaScript error: chrome://global/content/process-content.js, line 30: NS_ERROR_UNEXPECTED: Component returned failure code: 0x8000ffff (NS_ERROR_UNEXPECTED) [nsIMessageSender.sendAsyncMessage]

###!!! [Child][MessageChannel] Error: (msgtype=0x2C0040,name=PBrowser::Msg___delete__) Channel closing: too late to send/recv, messages will be lost


###!!! [Child][OnMaybeDequeueOne] Error: Channel closing: too late to send/recv, messages will be lost


###!!! [Child][MessageChannel] Error: (msgtype=0x4800B1,name=PContent::Msg_ConsoleMessage) Channel closing: too late to send/recv, messages will be lost

1513752855764	Marionette	INFO	Listening on port 1891
JavaScript error: resource://gre/modules/PopupNotifications.jsm, line 556: TypeError: this.panel.hidePopup is not a function
1513752890890	Marionette	INFO	Listening on port 2034
JavaScript error: http://192.168.0.123:7779/ioms/module/Library/ArcGIS/init.js, line 199: NS_ERROR_NOT_INITIALIZED: 
[Child 9092] WARNING: pipe error: 109: file c:/builds/moz2_slave/m-rel-w64-00000000000000000000/build/src/ipc/chromium/src/chrome/common/ipc_channel_win.cc, line 333
